Using pre-set license
Built from '2022.1/staging' branch; Version is '2022.1.3f1 (1cedbfe38737) revision 1895871'; Using compiler version '192829333'; Build Type 'Release'
OS: 'Windows 10  (10.0.19045) 64bit Core' Language: 'en' Physical Memory: 8097 MB
BatchMode: 1, IsHumanControllingUs: 0, StartBugReporterOnCrash: 0, Is64bit: 1, IsPro: 1

COMMAND LINE ARGUMENTS:
E:\PROGRAMACION\Unity\installed\Unity 2022.1.3f1\Editor\Unity.exe
-adb2
-batchMode
-noUpm
-name
AssetImportWorker8
-projectPath
E:/2doProjectUH/repositoryGwentPartTwo
-logFile
Logs/AssetImportWorker8.log
-srvPort
3199
Successfully changed project path to: E:/2doProjectUH/repositoryGwentPartTwo
E:/2doProjectUH/repositoryGwentPartTwo
[UnityMemory] Configuration Parameters - Can be set up in boot.config
    "memorysetup-bucket-allocator-granularity=16"
    "memorysetup-bucket-allocator-bucket-count=8"
    "memorysetup-bucket-allocator-block-size=33554432"
    "memorysetup-bucket-allocator-block-count=8"
    "memorysetup-main-allocator-block-size=16777216"
    "memorysetup-thread-allocator-block-size=16777216"
    "memorysetup-gfx-main-allocator-block-size=16777216"
    "memorysetup-gfx-thread-allocator-block-size=16777216"
    "memorysetup-cache-allocator-block-size=4194304"
    "memorysetup-typetree-allocator-block-size=2097152"
    "memorysetup-profiler-bucket-allocator-granularity=16"
    "memorysetup-profiler-bucket-allocator-bucket-count=8"
    "memorysetup-profiler-bucket-allocator-block-size=33554432"
    "memorysetup-profiler-bucket-allocator-block-count=8"
    "memorysetup-profiler-allocator-block-size=16777216"
    "memorysetup-profiler-editor-allocator-block-size=1048576"
    "memorysetup-temp-allocator-size-main=16777216"
    "memorysetup-job-temp-allocator-block-size=2097152"
    "memorysetup-job-temp-allocator-block-size-background=1048576"
    "memorysetup-job-temp-allocator-reduction-small-platforms=262144"
    "memorysetup-temp-allocator-size-background-worker=32768"
    "memorysetup-temp-allocator-size-job-worker=262144"
    "memorysetup-temp-allocator-size-preload-manager=33554432"
    "memorysetup-temp-allocator-size-nav-mesh-worker=65536"
    "memorysetup-temp-allocator-size-audio-worker=65536"
    "memorysetup-temp-allocator-size-cloud-worker=32768"
    "memorysetup-temp-allocator-size-gi-baking-worker=262144"
    "memorysetup-temp-allocator-size-gfx=262144"
Refreshing native plugins compatible for Editor in 862.49 ms, found 4 plugins.
Preloading 0 native plugins for Editor in 0.00 ms.
Initialize engine version: 2022.1.3f1 (1cedbfe38737)
[Subsystems] Discovering subsystems at path E:/PROGRAMACION/Unity/installed/Unity 2022.1.3f1/Editor/Data/Resources/UnitySubsystems
[Subsystems] Discovering subsystems at path E:/2doProjectUH/repositoryGwentPartTwo/Assets
GfxDevice: creating device client; threaded=0; jobified=0
Direct3D:
    Version:  Direct3D 11.0 [level 11.1]
    Renderer: Intel(R) HD Graphics (ID=0x22b1)
    Vendor:   Intel
    VRAM:     4048 MB
    Driver:   20.19.15.5070
Initialize mono
Mono path[0] = 'E:/PROGRAMACION/Unity/installed/Unity 2022.1.3f1/Editor/Data/Managed'
Mono path[1] = 'E:/PROGRAMACION/Unity/installed/Unity 2022.1.3f1/Editor/Data/MonoBleedingEdge/lib/mono/unityjit-win32'
Mono config path = 'E:/PROGRAMACION/Unity/installed/Unity 2022.1.3f1/Editor/Data/MonoBleedingEdge/etc'
Using monoOptions --debugger-agent=transport=dt_socket,embedding=1,server=y,suspend=n,address=127.0.0.1:56264
Begin MonoManager ReloadAssembly
Registering precompiled unity dll's ...
Register platform support module: E:/PROGRAMACION/Unity/installed/Unity 2022.1.3f1/Editor/Data/PlaybackEngines/WindowsStandaloneSupport/UnityEditor.WindowsStandalone.Extensions.dll
Registered in 0.018007 seconds.
Native extension for WindowsStandalone target not found
Refreshing native plugins compatible for Editor in 419.17 ms, found 4 plugins.
Preloading 0 native plugins for Editor in 0.00 ms.
Mono: successfully reloaded assembly
- Completed reload, in  3.784 seconds
Domain Reload Profiling:
	ReloadAssembly (3786ms)
		BeginReloadAssembly (481ms)
			ExecutionOrderSort (0ms)
			DisableScriptedObjects (0ms)
			BackupInstance (0ms)
			ReleaseScriptingObjects (0ms)
			CreateAndSetChildDomain (3ms)
		EndReloadAssembly (2764ms)
			LoadAssemblies (476ms)
			RebuildTransferFunctionScriptingTraits (0ms)
			SetupTypeCache (624ms)
				TypeCache.Initialize (622ms)
					TypeCache.ScanAssembly (615ms)
				ResolveRequiredComponents (2ms)
			ReleaseScriptCaches (0ms)
			RebuildScriptCaches (191ms)
			SetupLoadedEditorAssemblies (1676ms)
				LogAssemblyErrors (0ms)
				InitializePlatformSupportModulesInManaged (35ms)
				SetLoadedEditorAssemblies (36ms)
				RefreshPlugins (419ms)
				BeforeProcessingInitializeOnLoad (5ms)
				ProcessInitializeOnLoadAttributes (938ms)
				ProcessInitializeOnLoadMethodAttributes (243ms)
				AfterProcessingInitializeOnLoad (0ms)
				EditorAssembliesLoaded (1ms)
			ExecutionOrderSort2 (0ms)
			AwakeInstancesAfterBackupRestoration (0ms)
Platform modules already initialized, skipping
Registering precompiled user dll's ...
Registered in 0.028826 seconds.
Begin MonoManager ReloadAssembly
Symbol file LoadedFromMemory doesn't match image E:\2doProjectUH\repositoryGwentPartTwo\Library\PackageCache\com.unity.visualscripting@1.7.8\Editor\VisualScripting.Core\Dependencies\YamlDotNet\Unity.VisualScripting.YamlDotNet.dll
Symbol file LoadedFromMemory doesn't match image E:\2doProjectUH\repositoryGwentPartTwo\Library\PackageCache\com.unity.visualscripting@1.7.8\Editor\VisualScripting.Core\Dependencies\DotNetZip\Unity.VisualScripting.IonicZip.dll
Native extension for WindowsStandalone target not found
Refreshing native plugins compatible for Editor in 359.78 ms, found 4 plugins.
Preloading 0 native plugins for Editor in 0.00 ms.
Mono: successfully reloaded assembly
- Completed reload, in  7.310 seconds
Domain Reload Profiling:
	ReloadAssembly (7314ms)
		BeginReloadAssembly (664ms)
			ExecutionOrderSort (0ms)
			DisableScriptedObjects (29ms)
			BackupInstance (0ms)
			ReleaseScriptingObjects (1ms)
			CreateAndSetChildDomain (93ms)
		EndReloadAssembly (6097ms)
			LoadAssemblies (487ms)
			RebuildTransferFunctionScriptingTraits (0ms)
			SetupTypeCache (1369ms)
				TypeCache.Initialize (1347ms)
					TypeCache.ScanAssembly (1327ms)
				ResolveRequiredComponents (22ms)
			ReleaseScriptCaches (2ms)
			RebuildScriptCaches (329ms)
			SetupLoadedEditorAssemblies (3659ms)
				LogAssemblyErrors (0ms)
				InitializePlatformSupportModulesInManaged (20ms)
				SetLoadedEditorAssemblies (28ms)
				RefreshPlugins (360ms)
				BeforeProcessingInitializeOnLoad (544ms)
				ProcessInitializeOnLoadAttributes (2386ms)
				ProcessInitializeOnLoadMethodAttributes (300ms)
				AfterProcessingInitializeOnLoad (20ms)
				EditorAssembliesLoaded (1ms)
			ExecutionOrderSort2 (0ms)
			AwakeInstancesAfterBackupRestoration (42ms)
Platform modules already initialized, skipping
========================================================================
Worker process is ready to serve import requests
Launched and connected shader compiler UnityShaderCompiler.exe after 0.54 seconds
Refreshing native plugins compatible for Editor in 8.37 ms, found 4 plugins.
Preloading 0 native plugins for Editor in 0.00 ms.
Unloading 4082 Unused Serialized files (Serialized files now loaded: 0)
Unloading 39 unused Assets / (57.4 KB). Loaded Objects now: 4539.
Memory consumption went from 0.62 GB to 0.62 GB.
Total: 18.644100 ms (FindLiveObjects: 1.461500 ms CreateObjectMapping: 1.016400 ms MarkObjects: 15.790500 ms  DeleteObjects: 0.371600 ms)

AssetImportParameters requested are different than current active one (requested -> active):
  custom:video-decoder-ogg-theora: a1e56fd34408186e4bbccfd4996cb3dc -> 
  custom:container-muxer-webm: aa71ff27fc2769a1b78a27578f13a17b -> 
  custom:container-demuxer-webm: 4f35f7cbe854078d1ac9338744f61a02 -> 
  custom:video-encoder-webm-vp8: eb34c28f22e8b96e1ab97ce403110664 -> 
  custom:audio-encoder-webm-vorbis: bf7c407c2cedff20999df2af8eb42d56 -> 
  custom:framework-win-MediaFoundation: 216162199b28c13a410421893ffa2e32 -> 
  custom:container-demuxer-ogg: 62fdf1f143b41e24485cea50d1cbac27 -> 
  custom:video-decoder-webm-vp8: 9c59270c3fd7afecdb556c50c9e8de78 -> 
  custom:audio-decoder-ogg-vorbis: bf7c407c2cedff20999df2af8eb42d56 -> 
========================================================================
Received Import Request.
  Time since last request: 8072602.767507 seconds.
  path: Assets/Scripts/Lexico.cs
  artifactKey: Guid(ffaace5bb5c53b8428ffd819906cce61) Importer(815301076,1909f56bfc062723c751e8b465ee728b)
Start importing Assets/Scripts/Lexico.cs using Guid(ffaace5bb5c53b8428ffd819906cce61) Importer(815301076,1909f56bfc062723c751e8b465ee728b)  -> (artifact id: '44ebeaad3b8624996b6e9541f2b0a825') in 0.744584 seconds 
========================================================================
Received Prepare
Registering precompiled user dll's ...
Registered in 0.034735 seconds.
Begin MonoManager ReloadAssembly
Symbol file LoadedFromMemory doesn't match image E:\2doProjectUH\repositoryGwentPartTwo\Library\PackageCache\com.unity.visualscripting@1.7.8\Editor\VisualScripting.Core\Dependencies\YamlDotNet\Unity.VisualScripting.YamlDotNet.dll
Symbol file LoadedFromMemory doesn't match image E:\2doProjectUH\repositoryGwentPartTwo\Library\PackageCache\com.unity.visualscripting@1.7.8\Editor\VisualScripting.Core\Dependencies\DotNetZip\Unity.VisualScripting.IonicZip.dll
Native extension for WindowsStandalone target not found
Refreshing native plugins compatible for Editor in 4.75 ms, found 4 plugins.
Preloading 0 native plugins for Editor in 0.00 ms.
Mono: successfully reloaded assembly
- Completed reload, in  6.339 seconds
Domain Reload Profiling:
	ReloadAssembly (6342ms)
		BeginReloadAssembly (629ms)
			ExecutionOrderSort (0ms)
			DisableScriptedObjects (65ms)
			BackupInstance (0ms)
			ReleaseScriptingObjects (0ms)
			CreateAndSetChildDomain (179ms)
		EndReloadAssembly (5249ms)
			LoadAssemblies (405ms)
			RebuildTransferFunctionScriptingTraits (0ms)
			SetupTypeCache (1678ms)
				TypeCache.Initialize (1651ms)
					TypeCache.ScanAssembly (1629ms)
				ResolveRequiredComponents (27ms)
			ReleaseScriptCaches (5ms)
			RebuildScriptCaches (277ms)
			SetupLoadedEditorAssemblies (2401ms)
				LogAssemblyErrors (0ms)
				InitializePlatformSupportModulesInManaged (89ms)
				SetLoadedEditorAssemblies (115ms)
				RefreshPlugins (6ms)
				BeforeProcessingInitializeOnLoad (388ms)
				ProcessInitializeOnLoadAttributes (1534ms)
				ProcessInitializeOnLoadMethodAttributes (248ms)
				AfterProcessingInitializeOnLoad (19ms)
				EditorAssembliesLoaded (1ms)
			ExecutionOrderSort2 (0ms)
			AwakeInstancesAfterBackupRestoration (60ms)
Platform modules already initialized, skipping
Refreshing native plugins compatible for Editor in 12.33 ms, found 4 plugins.
Preloading 0 native plugins for Editor in 0.00 ms.
Unloading 4070 Unused Serialized files (Serialized files now loaded: 0)
Unloading 26 unused Assets / (25.4 KB). Loaded Objects now: 4542.
Memory consumption went from 0.62 GB to 0.62 GB.
Total: 88.461700 ms (FindLiveObjects: 13.529800 ms CreateObjectMapping: 3.927400 ms MarkObjects: 70.799400 ms  DeleteObjects: 0.200600 ms)

AssetImportParameters requested are different than current active one (requested -> active):
  custom:video-decoder-ogg-theora: a1e56fd34408186e4bbccfd4996cb3dc -> 
  custom:container-muxer-webm: aa71ff27fc2769a1b78a27578f13a17b -> 
  custom:container-demuxer-webm: 4f35f7cbe854078d1ac9338744f61a02 -> 
  custom:video-encoder-webm-vp8: eb34c28f22e8b96e1ab97ce403110664 -> 
  custom:audio-encoder-webm-vorbis: bf7c407c2cedff20999df2af8eb42d56 -> 
  custom:framework-win-MediaFoundation: 216162199b28c13a410421893ffa2e32 -> 
  custom:container-demuxer-ogg: 62fdf1f143b41e24485cea50d1cbac27 -> 
  custom:video-decoder-webm-vp8: 9c59270c3fd7afecdb556c50c9e8de78 -> 
  custom:audio-decoder-ogg-vorbis: bf7c407c2cedff20999df2af8eb42d56 -> 
========================================================================
Received Import Request.
  Time since last request: 1142.845190 seconds.
  path: Assets/Scripts/Lexico.cs
  artifactKey: Guid(ffaace5bb5c53b8428ffd819906cce61) Importer(815301076,1909f56bfc062723c751e8b465ee728b)
Start importing Assets/Scripts/Lexico.cs using Guid(ffaace5bb5c53b8428ffd819906cce61) Importer(815301076,1909f56bfc062723c751e8b465ee728b)  -> (artifact id: '621efab71a434fb8d891ccc45db145f6') in 0.026390 seconds 
========================================================================
Received Import Request.
  Time since last request: 17.467989 seconds.
  path: Assets/Scripts/Lexico.cs
  artifactKey: Guid(ffaace5bb5c53b8428ffd819906cce61) Importer(815301076,1909f56bfc062723c751e8b465ee728b)
Start importing Assets/Scripts/Lexico.cs using Guid(ffaace5bb5c53b8428ffd819906cce61) Importer(815301076,1909f56bfc062723c751e8b465ee728b)  -> (artifact id: 'bf8d1e813c5459aed4208194909a3dad') in 0.062416 seconds 
========================================================================
Received Import Request.
  Time since last request: 7.258679 seconds.
  path: Assets/Scripts/Lexico.cs
  artifactKey: Guid(ffaace5bb5c53b8428ffd819906cce61) Importer(815301076,1909f56bfc062723c751e8b465ee728b)
Start importing Assets/Scripts/Lexico.cs using Guid(ffaace5bb5c53b8428ffd819906cce61) Importer(815301076,1909f56bfc062723c751e8b465ee728b)  -> (artifact id: '7c47648374d890da64d0762b9bd05e05') in 0.016636 seconds 
========================================================================
Received Import Request.
  Time since last request: 74.870944 seconds.
  path: Assets/Scripts/Lexico.cs
  artifactKey: Guid(ffaace5bb5c53b8428ffd819906cce61) Importer(815301076,1909f56bfc062723c751e8b465ee728b)
Start importing Assets/Scripts/Lexico.cs using Guid(ffaace5bb5c53b8428ffd819906cce61) Importer(815301076,1909f56bfc062723c751e8b465ee728b)  -> (artifact id: 'd1f479dd2cac03828de4528ed276e580') in 0.245215 seconds 
========================================================================
Received Import Request.
  Time since last request: 11.494722 seconds.
  path: Assets/Scripts/Lexico.cs
  artifactKey: Guid(ffaace5bb5c53b8428ffd819906cce61) Importer(815301076,1909f56bfc062723c751e8b465ee728b)
Start importing Assets/Scripts/Lexico.cs using Guid(ffaace5bb5c53b8428ffd819906cce61) Importer(815301076,1909f56bfc062723c751e8b465ee728b)  -> (artifact id: '2fdaec5aa1f13ba3700c8ea2e7657d13') in 0.041329 seconds 
========================================================================
Received Import Request.
  Time since last request: 33.693795 seconds.
  path: Assets/Scripts/Lexico.cs
  artifactKey: Guid(ffaace5bb5c53b8428ffd819906cce61) Importer(815301076,1909f56bfc062723c751e8b465ee728b)
Start importing Assets/Scripts/Lexico.cs using Guid(ffaace5bb5c53b8428ffd819906cce61) Importer(815301076,1909f56bfc062723c751e8b465ee728b)  -> (artifact id: '9e7630dc244dd6e94366c279f28a8ea5') in 0.021773 seconds 
========================================================================
Received Import Request.
  Time since last request: 115.104343 seconds.
  path: Assets/Scripts/Lexico.cs
  artifactKey: Guid(ffaace5bb5c53b8428ffd819906cce61) Importer(815301076,1909f56bfc062723c751e8b465ee728b)
Start importing Assets/Scripts/Lexico.cs using Guid(ffaace5bb5c53b8428ffd819906cce61) Importer(815301076,1909f56bfc062723c751e8b465ee728b)  -> (artifact id: '2f3e6baa5e6ae95ee8a51b58d84a0353') in 0.010385 seconds 
========================================================================
Received Import Request.
  Time since last request: 28.708144 seconds.
  path: Assets/Scripts/Lexico.cs
  artifactKey: Guid(ffaace5bb5c53b8428ffd819906cce61) Importer(815301076,1909f56bfc062723c751e8b465ee728b)
Start importing Assets/Scripts/Lexico.cs using Guid(ffaace5bb5c53b8428ffd819906cce61) Importer(815301076,1909f56bfc062723c751e8b465ee728b)  -> (artifact id: 'a5f17e3235e1d4546edd67b341c1596f') in 0.038695 seconds 
========================================================================
Received Import Request.
  Time since last request: 256.749094 seconds.
  path: Assets/Scripts/Lexico.cs
  artifactKey: Guid(ffaace5bb5c53b8428ffd819906cce61) Importer(815301076,1909f56bfc062723c751e8b465ee728b)
Start importing Assets/Scripts/Lexico.cs using Guid(ffaace5bb5c53b8428ffd819906cce61) Importer(815301076,1909f56bfc062723c751e8b465ee728b)  -> (artifact id: '4147ac199e546b5b1de6ceaec54c830a') in 0.116642 seconds 
========================================================================
Received Import Request.
  Time since last request: 1.423448 seconds.
  path: Assets/Scripts/Lexico.cs
  artifactKey: Guid(ffaace5bb5c53b8428ffd819906cce61) Importer(815301076,1909f56bfc062723c751e8b465ee728b)
Start importing Assets/Scripts/Lexico.cs using Guid(ffaace5bb5c53b8428ffd819906cce61) Importer(815301076,1909f56bfc062723c751e8b465ee728b)  -> (artifact id: '26e13f417ef6a7de4d303e8e9ba96155') in 0.248844 seconds 
========================================================================
Received Import Request.
  Time since last request: 27.711098 seconds.
  path: Assets/Scripts/Lexico.cs
  artifactKey: Guid(ffaace5bb5c53b8428ffd819906cce61) Importer(815301076,1909f56bfc062723c751e8b465ee728b)
Start importing Assets/Scripts/Lexico.cs using Guid(ffaace5bb5c53b8428ffd819906cce61) Importer(815301076,1909f56bfc062723c751e8b465ee728b)  -> (artifact id: '2afa817f6f614cf7e7830af68244fe6d') in 0.497579 seconds 
========================================================================
Received Import Request.
  Time since last request: 32.811510 seconds.
  path: Assets/Scripts/Lexico.cs
  artifactKey: Guid(ffaace5bb5c53b8428ffd819906cce61) Importer(815301076,1909f56bfc062723c751e8b465ee728b)
Start importing Assets/Scripts/Lexico.cs using Guid(ffaace5bb5c53b8428ffd819906cce61) Importer(815301076,1909f56bfc062723c751e8b465ee728b)  -> (artifact id: '2b790368ad7fa21ab5a3ab0008c00b69') in 0.070099 seconds 
========================================================================
Received Import Request.
  Time since last request: 8.971896 seconds.
  path: Assets/Scripts/Lexico.cs
  artifactKey: Guid(ffaace5bb5c53b8428ffd819906cce61) Importer(815301076,1909f56bfc062723c751e8b465ee728b)
Start importing Assets/Scripts/Lexico.cs using Guid(ffaace5bb5c53b8428ffd819906cce61) Importer(815301076,1909f56bfc062723c751e8b465ee728b)  -> (artifact id: 'f698bc65bdfb89f9870ad9d426723a94') in 0.012078 seconds 
========================================================================
Received Import Request.
  Time since last request: 18.438243 seconds.
  path: Assets/Scripts/Lexico.cs
  artifactKey: Guid(ffaace5bb5c53b8428ffd819906cce61) Importer(815301076,1909f56bfc062723c751e8b465ee728b)
Start importing Assets/Scripts/Lexico.cs using Guid(ffaace5bb5c53b8428ffd819906cce61) Importer(815301076,1909f56bfc062723c751e8b465ee728b)  -> (artifact id: '53cecc731ee17ef3bf0c6c055b48d153') in 0.051623 seconds 
========================================================================
Received Import Request.
  Time since last request: 10.196211 seconds.
  path: Assets/Scripts/Lexico.cs
  artifactKey: Guid(ffaace5bb5c53b8428ffd819906cce61) Importer(815301076,1909f56bfc062723c751e8b465ee728b)
Start importing Assets/Scripts/Lexico.cs using Guid(ffaace5bb5c53b8428ffd819906cce61) Importer(815301076,1909f56bfc062723c751e8b465ee728b)  -> (artifact id: '3210d628b3ebc803a7622bf14413eb66') in 0.052612 seconds 
========================================================================
Received Import Request.
  Time since last request: 7.961840 seconds.
  path: Assets/Scripts/Lexico.cs
  artifactKey: Guid(ffaace5bb5c53b8428ffd819906cce61) Importer(815301076,1909f56bfc062723c751e8b465ee728b)
Start importing Assets/Scripts/Lexico.cs using Guid(ffaace5bb5c53b8428ffd819906cce61) Importer(815301076,1909f56bfc062723c751e8b465ee728b)  -> (artifact id: 'cc44f3545be03c0f6c922d92a66be1d2') in 0.031616 seconds 
========================================================================
Received Import Request.
  Time since last request: 18.486685 seconds.
  path: Assets/Scripts/Lexico.cs
  artifactKey: Guid(ffaace5bb5c53b8428ffd819906cce61) Importer(815301076,1909f56bfc062723c751e8b465ee728b)
Start importing Assets/Scripts/Lexico.cs using Guid(ffaace5bb5c53b8428ffd819906cce61) Importer(815301076,1909f56bfc062723c751e8b465ee728b)  -> (artifact id: '56df626d9b991a86c7bf23abaec0f2d9') in 0.044749 seconds 
========================================================================
Received Import Request.
  Time since last request: 22.632153 seconds.
  path: Assets/Scripts/Lexico.cs
  artifactKey: Guid(ffaace5bb5c53b8428ffd819906cce61) Importer(815301076,1909f56bfc062723c751e8b465ee728b)
Start importing Assets/Scripts/Lexico.cs using Guid(ffaace5bb5c53b8428ffd819906cce61) Importer(815301076,1909f56bfc062723c751e8b465ee728b)  -> (artifact id: 'f9ef9677307e7eb9c4710b13cdc44eaa') in 0.137524 seconds 
========================================================================
Received Import Request.
  Time since last request: 24.499321 seconds.
  path: Assets/Scripts/Lexico.cs
  artifactKey: Guid(ffaace5bb5c53b8428ffd819906cce61) Importer(815301076,1909f56bfc062723c751e8b465ee728b)
Start importing Assets/Scripts/Lexico.cs using Guid(ffaace5bb5c53b8428ffd819906cce61) Importer(815301076,1909f56bfc062723c751e8b465ee728b)  -> (artifact id: 'a060eacee682684bf32f520107f2906d') in 0.274170 seconds 
========================================================================
Received Import Request.
  Time since last request: 23.430020 seconds.
  path: Assets/Scripts/Lexico.cs
  artifactKey: Guid(ffaace5bb5c53b8428ffd819906cce61) Importer(815301076,1909f56bfc062723c751e8b465ee728b)
Start importing Assets/Scripts/Lexico.cs using Guid(ffaace5bb5c53b8428ffd819906cce61) Importer(815301076,1909f56bfc062723c751e8b465ee728b)  -> (artifact id: '04de3039948200236aa17633c447978b') in 0.011690 seconds 
========================================================================
Received Import Request.
  Time since last request: 18.149052 seconds.
  path: Assets/Scripts/Lexico.cs
  artifactKey: Guid(ffaace5bb5c53b8428ffd819906cce61) Importer(815301076,1909f56bfc062723c751e8b465ee728b)
Start importing Assets/Scripts/Lexico.cs using Guid(ffaace5bb5c53b8428ffd819906cce61) Importer(815301076,1909f56bfc062723c751e8b465ee728b)  -> (artifact id: '19852e3630166143430852a152d94d3e') in 0.013315 seconds 
========================================================================
Received Import Request.
  Time since last request: 108.988131 seconds.
  path: Assets/Scripts/Lexico.cs
  artifactKey: Guid(ffaace5bb5c53b8428ffd819906cce61) Importer(815301076,1909f56bfc062723c751e8b465ee728b)
Start importing Assets/Scripts/Lexico.cs using Guid(ffaace5bb5c53b8428ffd819906cce61) Importer(815301076,1909f56bfc062723c751e8b465ee728b)  -> (artifact id: '5bd0ab7ec026224931dd44bdc2f468db') in 0.075769 seconds 
========================================================================
Received Import Request.
  Time since last request: 7.850075 seconds.
  path: Assets/Scripts/Lexico.cs
  artifactKey: Guid(ffaace5bb5c53b8428ffd819906cce61) Importer(815301076,1909f56bfc062723c751e8b465ee728b)
Start importing Assets/Scripts/Lexico.cs using Guid(ffaace5bb5c53b8428ffd819906cce61) Importer(815301076,1909f56bfc062723c751e8b465ee728b)  -> (artifact id: 'e971401ec8d13192d7b0115e5fdb0d68') in 0.071100 seconds 
========================================================================
Received Import Request.
  Time since last request: 3.284809 seconds.
  path: Assets/Scripts/Lexico.cs
  artifactKey: Guid(ffaace5bb5c53b8428ffd819906cce61) Importer(815301076,1909f56bfc062723c751e8b465ee728b)
Start importing Assets/Scripts/Lexico.cs using Guid(ffaace5bb5c53b8428ffd819906cce61) Importer(815301076,1909f56bfc062723c751e8b465ee728b)  -> (artifact id: 'cee0497e679224a5e4524297227af81a') in 0.070950 seconds 
========================================================================
Received Import Request.
  Time since last request: 21.622300 seconds.
  path: Assets/Scripts/Lexico.cs
  artifactKey: Guid(ffaace5bb5c53b8428ffd819906cce61) Importer(815301076,1909f56bfc062723c751e8b465ee728b)
Start importing Assets/Scripts/Lexico.cs using Guid(ffaace5bb5c53b8428ffd819906cce61) Importer(815301076,1909f56bfc062723c751e8b465ee728b)  -> (artifact id: '426dce6a543c5881ad54157f956f388f') in 0.749453 seconds 
========================================================================
Received Import Request.
  Time since last request: 41.686604 seconds.
  path: Assets/Scripts/Lexico.cs
  artifactKey: Guid(ffaace5bb5c53b8428ffd819906cce61) Importer(815301076,1909f56bfc062723c751e8b465ee728b)
Start importing Assets/Scripts/Lexico.cs using Guid(ffaace5bb5c53b8428ffd819906cce61) Importer(815301076,1909f56bfc062723c751e8b465ee728b)  -> (artifact id: '0850f227f224f87153f1dc68e467ecfa') in 0.329086 seconds 
========================================================================
Received Import Request.
  Time since last request: 52.961694 seconds.
  path: Assets/Scripts/Lexico.cs
  artifactKey: Guid(ffaace5bb5c53b8428ffd819906cce61) Importer(815301076,1909f56bfc062723c751e8b465ee728b)
Start importing Assets/Scripts/Lexico.cs using Guid(ffaace5bb5c53b8428ffd819906cce61) Importer(815301076,1909f56bfc062723c751e8b465ee728b)  -> (artifact id: '3da35a344af8233f61dd67c1606b8fc2') in 0.019642 seconds 
========================================================================
Received Import Request.
  Time since last request: 9.268035 seconds.
  path: Assets/Scripts/Lexico.cs
  artifactKey: Guid(ffaace5bb5c53b8428ffd819906cce61) Importer(815301076,1909f56bfc062723c751e8b465ee728b)
Start importing Assets/Scripts/Lexico.cs using Guid(ffaace5bb5c53b8428ffd819906cce61) Importer(815301076,1909f56bfc062723c751e8b465ee728b)  -> (artifact id: '658d80ad1b637d894fd5403a270f1483') in 0.299969 seconds 
========================================================================
Received Import Request.
  Time since last request: 43.348784 seconds.
  path: Assets/Scripts/Lexico.cs
  artifactKey: Guid(ffaace5bb5c53b8428ffd819906cce61) Importer(815301076,1909f56bfc062723c751e8b465ee728b)
Start importing Assets/Scripts/Lexico.cs using Guid(ffaace5bb5c53b8428ffd819906cce61) Importer(815301076,1909f56bfc062723c751e8b465ee728b)  -> (artifact id: 'eedd07fc02378e8311bd777dcfbec977') in 0.248624 seconds 
========================================================================
Received Import Request.
  Time since last request: 58.653601 seconds.
  path: Assets/Scripts/Lexico.cs
  artifactKey: Guid(ffaace5bb5c53b8428ffd819906cce61) Importer(815301076,1909f56bfc062723c751e8b465ee728b)
Start importing Assets/Scripts/Lexico.cs using Guid(ffaace5bb5c53b8428ffd819906cce61) Importer(815301076,1909f56bfc062723c751e8b465ee728b)  -> (artifact id: '0fa14ed18583179e82759fc1da0890f3') in 2.008315 seconds 
========================================================================
Received Import Request.
  Time since last request: 2.084458 seconds.
  path: Assets/Scripts/Lexico.cs
  artifactKey: Guid(ffaace5bb5c53b8428ffd819906cce61) Importer(815301076,1909f56bfc062723c751e8b465ee728b)
Start importing Assets/Scripts/Lexico.cs using Guid(ffaace5bb5c53b8428ffd819906cce61) Importer(815301076,1909f56bfc062723c751e8b465ee728b)  -> (artifact id: '26c9cd2c6649fc2597119e92b63ff43c') in 0.008972 seconds 
========================================================================
Received Import Request.
  Time since last request: 28.120225 seconds.
  path: Assets/Scripts/Lexico.cs
  artifactKey: Guid(ffaace5bb5c53b8428ffd819906cce61) Importer(815301076,1909f56bfc062723c751e8b465ee728b)
Start importing Assets/Scripts/Lexico.cs using Guid(ffaace5bb5c53b8428ffd819906cce61) Importer(815301076,1909f56bfc062723c751e8b465ee728b)  -> (artifact id: '62b4569fc33c61ace777f116fc9ebe41') in 0.871592 seconds 
========================================================================
Received Import Request.
  Time since last request: 2.312779 seconds.
  path: Assets/Scripts/Lexico.cs
  artifactKey: Guid(ffaace5bb5c53b8428ffd819906cce61) Importer(815301076,1909f56bfc062723c751e8b465ee728b)
Start importing Assets/Scripts/Lexico.cs using Guid(ffaace5bb5c53b8428ffd819906cce61) Importer(815301076,1909f56bfc062723c751e8b465ee728b)  -> (artifact id: '2690f4b6c0ad6bdbbc79ab18da31ff5e') in 0.464379 seconds 
========================================================================
Received Import Request.
  Time since last request: 20.261964 seconds.
  path: Assets/Scripts/Lexico.cs
  artifactKey: Guid(ffaace5bb5c53b8428ffd819906cce61) Importer(815301076,1909f56bfc062723c751e8b465ee728b)
Start importing Assets/Scripts/Lexico.cs using Guid(ffaace5bb5c53b8428ffd819906cce61) Importer(815301076,1909f56bfc062723c751e8b465ee728b)  -> (artifact id: 'a727c0ef2b30528f5e0347dbfa3543a0') in 0.011962 seconds 
========================================================================
Received Import Request.
  Time since last request: 7.310982 seconds.
  path: Assets/Scripts/Lexico.cs
  artifactKey: Guid(ffaace5bb5c53b8428ffd819906cce61) Importer(815301076,1909f56bfc062723c751e8b465ee728b)
Start importing Assets/Scripts/Lexico.cs using Guid(ffaace5bb5c53b8428ffd819906cce61) Importer(815301076,1909f56bfc062723c751e8b465ee728b)  -> (artifact id: '2fbd9902475910ff314d72aa1ea3e53a') in 0.011758 seconds 
========================================================================
Received Import Request.
  Time since last request: 79.688392 seconds.
  path: Assets/Scripts/Lexico.cs
  artifactKey: Guid(ffaace5bb5c53b8428ffd819906cce61) Importer(815301076,1909f56bfc062723c751e8b465ee728b)
Start importing Assets/Scripts/Lexico.cs using Guid(ffaace5bb5c53b8428ffd819906cce61) Importer(815301076,1909f56bfc062723c751e8b465ee728b)  -> (artifact id: 'c3010242ede072dd451658d52010fb27') in 0.021763 seconds 
========================================================================
Received Import Request.
  Time since last request: 155.997509 seconds.
  path: Assets/Scripts/Lexico.cs
  artifactKey: Guid(ffaace5bb5c53b8428ffd819906cce61) Importer(815301076,1909f56bfc062723c751e8b465ee728b)
Start importing Assets/Scripts/Lexico.cs using Guid(ffaace5bb5c53b8428ffd819906cce61) Importer(815301076,1909f56bfc062723c751e8b465ee728b)  -> (artifact id: 'bcf56a59b877bf01acec04de9fc74f2d') in 0.291180 seconds 
========================================================================
Received Import Request.
  Time since last request: 45.605598 seconds.
  path: Assets/Scripts/Lexico.cs
  artifactKey: Guid(ffaace5bb5c53b8428ffd819906cce61) Importer(815301076,1909f56bfc062723c751e8b465ee728b)
Start importing Assets/Scripts/Lexico.cs using Guid(ffaace5bb5c53b8428ffd819906cce61) Importer(815301076,1909f56bfc062723c751e8b465ee728b)  -> (artifact id: 'cb75e0bb1caf4199ed668b772ecb5b84') in 0.012354 seconds 
========================================================================
Received Import Request.
  Time since last request: 71.342384 seconds.
  path: Assets/Scripts/Lexico.cs
  artifactKey: Guid(ffaace5bb5c53b8428ffd819906cce61) Importer(815301076,1909f56bfc062723c751e8b465ee728b)
Start importing Assets/Scripts/Lexico.cs using Guid(ffaace5bb5c53b8428ffd819906cce61) Importer(815301076,1909f56bfc062723c751e8b465ee728b)  -> (artifact id: 'b40651695b96858b830f13527c75ffd6') in 0.032810 seconds 
========================================================================
Received Import Request.
  Time since last request: 11.127474 seconds.
  path: Assets/Scripts/Lexico.cs
  artifactKey: Guid(ffaace5bb5c53b8428ffd819906cce61) Importer(815301076,1909f56bfc062723c751e8b465ee728b)
Start importing Assets/Scripts/Lexico.cs using Guid(ffaace5bb5c53b8428ffd819906cce61) Importer(815301076,1909f56bfc062723c751e8b465ee728b)  -> (artifact id: '7efb8fdc3f2ffb112aae561cd2b6130d') in 0.032758 seconds 
========================================================================
Received Import Request.
  Time since last request: 51.133530 seconds.
  path: Assets/Scripts/Lexico.cs
  artifactKey: Guid(ffaace5bb5c53b8428ffd819906cce61) Importer(815301076,1909f56bfc062723c751e8b465ee728b)
Start importing Assets/Scripts/Lexico.cs using Guid(ffaace5bb5c53b8428ffd819906cce61) Importer(815301076,1909f56bfc062723c751e8b465ee728b)  -> (artifact id: '352c2f8b4d8f85158b6cd2bbfbc04781') in 0.010411 seconds 
========================================================================
Received Import Request.
  Time since last request: 3.739023 seconds.
  path: Assets/Scripts/Lexico.cs
  artifactKey: Guid(ffaace5bb5c53b8428ffd819906cce61) Importer(815301076,1909f56bfc062723c751e8b465ee728b)
Start importing Assets/Scripts/Lexico.cs using Guid(ffaace5bb5c53b8428ffd819906cce61) Importer(815301076,1909f56bfc062723c751e8b465ee728b)  -> (artifact id: '6887b18d88d917029c7424f85c137be8') in 0.012213 seconds 
========================================================================
Received Import Request.
  Time since last request: 10.530012 seconds.
  path: Assets/Scripts/Lexico.cs
  artifactKey: Guid(ffaace5bb5c53b8428ffd819906cce61) Importer(815301076,1909f56bfc062723c751e8b465ee728b)
Start importing Assets/Scripts/Lexico.cs using Guid(ffaace5bb5c53b8428ffd819906cce61) Importer(815301076,1909f56bfc062723c751e8b465ee728b)  -> (artifact id: '97ee7406df175c6833ff78af62a63893') in 0.159867 seconds 
========================================================================
Received Import Request.
  Time since last request: 1.558495 seconds.
  path: Assets/Scripts/Lexico.cs
  artifactKey: Guid(ffaace5bb5c53b8428ffd819906cce61) Importer(815301076,1909f56bfc062723c751e8b465ee728b)
Start importing Assets/Scripts/Lexico.cs using Guid(ffaace5bb5c53b8428ffd819906cce61) Importer(815301076,1909f56bfc062723c751e8b465ee728b)  -> (artifact id: '7c8547acf872dc48d14f7d84a6dd8eef') in 0.076146 seconds 
========================================================================
Received Import Request.
  Time since last request: 30.296299 seconds.
  path: Assets/Scripts/Lexico.cs
  artifactKey: Guid(ffaace5bb5c53b8428ffd819906cce61) Importer(815301076,1909f56bfc062723c751e8b465ee728b)
Start importing Assets/Scripts/Lexico.cs using Guid(ffaace5bb5c53b8428ffd819906cce61) Importer(815301076,1909f56bfc062723c751e8b465ee728b)  -> (artifact id: '323b90fca0cc7b51b3d46b0afe10b7fe') in 0.004589 seconds 
========================================================================
Received Import Request.
  Time since last request: 4.725241 seconds.
  path: Assets/Scripts/Lexico.cs
  artifactKey: Guid(ffaace5bb5c53b8428ffd819906cce61) Importer(815301076,1909f56bfc062723c751e8b465ee728b)
Start importing Assets/Scripts/Lexico.cs using Guid(ffaace5bb5c53b8428ffd819906cce61) Importer(815301076,1909f56bfc062723c751e8b465ee728b)  -> (artifact id: '323b90fca0cc7b51b3d46b0afe10b7fe') in 0.006064 seconds 
========================================================================
Received Import Request.
  Time since last request: 2.826347 seconds.
  path: Assets/Scripts/Lexico.cs
  artifactKey: Guid(ffaace5bb5c53b8428ffd819906cce61) Importer(815301076,1909f56bfc062723c751e8b465ee728b)
Start importing Assets/Scripts/Lexico.cs using Guid(ffaace5bb5c53b8428ffd819906cce61) Importer(815301076,1909f56bfc062723c751e8b465ee728b)  -> (artifact id: 'b628e2f5d389f23fc87dbff7c102ba58') in 0.056061 seconds 
========================================================================
Received Import Request.
  Time since last request: 15.576422 seconds.
  path: Assets/Scripts/Lexico.cs
  artifactKey: Guid(ffaace5bb5c53b8428ffd819906cce61) Importer(815301076,1909f56bfc062723c751e8b465ee728b)
Start importing Assets/Scripts/Lexico.cs using Guid(ffaace5bb5c53b8428ffd819906cce61) Importer(815301076,1909f56bfc062723c751e8b465ee728b)  -> (artifact id: '7f85d27a9165eaba77483cfdd7c40cd5') in 0.005202 seconds 
========================================================================
Received Import Request.
  Time since last request: 26.538131 seconds.
  path: Assets/Scripts/Lexico.cs
  artifactKey: Guid(ffaace5bb5c53b8428ffd819906cce61) Importer(815301076,1909f56bfc062723c751e8b465ee728b)
Start importing Assets/Scripts/Lexico.cs using Guid(ffaace5bb5c53b8428ffd819906cce61) Importer(815301076,1909f56bfc062723c751e8b465ee728b)  -> (artifact id: '0c96c429ac76c12030e76a86f648d775') in 0.004442 seconds 
========================================================================
Received Import Request.
  Time since last request: 8.791641 seconds.
  path: Assets/Scripts/Lexico.cs
  artifactKey: Guid(ffaace5bb5c53b8428ffd819906cce61) Importer(815301076,1909f56bfc062723c751e8b465ee728b)
Start importing Assets/Scripts/Lexico.cs using Guid(ffaace5bb5c53b8428ffd819906cce61) Importer(815301076,1909f56bfc062723c751e8b465ee728b)  -> (artifact id: '616a98291e7bc94fe53f506cd011ca1f') in 0.061866 seconds 
========================================================================
Received Import Request.
  Time since last request: 25.934569 seconds.
  path: Assets/Scripts/Lexico.cs
  artifactKey: Guid(ffaace5bb5c53b8428ffd819906cce61) Importer(815301076,1909f56bfc062723c751e8b465ee728b)
Start importing Assets/Scripts/Lexico.cs using Guid(ffaace5bb5c53b8428ffd819906cce61) Importer(815301076,1909f56bfc062723c751e8b465ee728b)  -> (artifact id: '567ff10a1da17718d452279f6c2a2414') in 0.013967 seconds 
========================================================================
Received Import Request.
  Time since last request: 97.506217 seconds.
  path: Assets/Scripts/Lexico.cs
  artifactKey: Guid(ffaace5bb5c53b8428ffd819906cce61) Importer(815301076,1909f56bfc062723c751e8b465ee728b)
Start importing Assets/Scripts/Lexico.cs using Guid(ffaace5bb5c53b8428ffd819906cce61) Importer(815301076,1909f56bfc062723c751e8b465ee728b)  -> (artifact id: 'a89fb777aadc76291a1902f7985cea05') in 0.004865 seconds 
========================================================================
Received Import Request.
  Time since last request: 3.912844 seconds.
  path: Assets/Scripts/Lexico.cs
  artifactKey: Guid(ffaace5bb5c53b8428ffd819906cce61) Importer(815301076,1909f56bfc062723c751e8b465ee728b)
Start importing Assets/Scripts/Lexico.cs using Guid(ffaace5bb5c53b8428ffd819906cce61) Importer(815301076,1909f56bfc062723c751e8b465ee728b)  -> (artifact id: '0fadc1c3232a35b4a776dcebc2759dc1') in 0.004464 seconds 
========================================================================
Received Import Request.
  Time since last request: 42.724696 seconds.
  path: Assets/Scripts/Lexico.cs
  artifactKey: Guid(ffaace5bb5c53b8428ffd819906cce61) Importer(815301076,1909f56bfc062723c751e8b465ee728b)
Start importing Assets/Scripts/Lexico.cs using Guid(ffaace5bb5c53b8428ffd819906cce61) Importer(815301076,1909f56bfc062723c751e8b465ee728b)  -> (artifact id: 'c0b98ae728f4c389b4b91ef7c341ff6c') in 0.003999 seconds 
========================================================================
Received Import Request.
  Time since last request: 60.822885 seconds.
  path: Assets/Scripts/Lexico.cs
  artifactKey: Guid(ffaace5bb5c53b8428ffd819906cce61) Importer(815301076,1909f56bfc062723c751e8b465ee728b)
Start importing Assets/Scripts/Lexico.cs using Guid(ffaace5bb5c53b8428ffd819906cce61) Importer(815301076,1909f56bfc062723c751e8b465ee728b)  -> (artifact id: '63fba615b7cc91a1a5ec1b3507c4d535') in 7.631031 seconds 
========================================================================
Received Import Request.
  Time since last request: 0.000197 seconds.
  path: Assets/Scripts/Lexico.cs
  artifactKey: Guid(ffaace5bb5c53b8428ffd819906cce61) Importer(815301076,1909f56bfc062723c751e8b465ee728b)
Start importing Assets/Scripts/Lexico.cs using Guid(ffaace5bb5c53b8428ffd819906cce61) Importer(815301076,1909f56bfc062723c751e8b465ee728b)  -> (artifact id: '627cbf6b402b162ac9dbd990f38958ba') in 0.004648 seconds 
========================================================================
Received Import Request.
  Time since last request: 18.711088 seconds.
  path: Assets/Scripts/Lexico.cs
  artifactKey: Guid(ffaace5bb5c53b8428ffd819906cce61) Importer(815301076,1909f56bfc062723c751e8b465ee728b)
Start importing Assets/Scripts/Lexico.cs using Guid(ffaace5bb5c53b8428ffd819906cce61) Importer(815301076,1909f56bfc062723c751e8b465ee728b)  -> (artifact id: '9134c76872341e202d62c88df0762d6f') in 0.083674 seconds 
========================================================================
Received Import Request.
  Time since last request: 5.105306 seconds.
  path: Assets/Scripts/Lexico.cs
  artifactKey: Guid(ffaace5bb5c53b8428ffd819906cce61) Importer(815301076,1909f56bfc062723c751e8b465ee728b)
Start importing Assets/Scripts/Lexico.cs using Guid(ffaace5bb5c53b8428ffd819906cce61) Importer(815301076,1909f56bfc062723c751e8b465ee728b)  -> (artifact id: 'd26c06c827c4fc695e0a880f36a86e4d') in 0.145401 seconds 
========================================================================
Received Import Request.
  Time since last request: 34.227185 seconds.
  path: Assets/Scripts/Lexico.cs
  artifactKey: Guid(ffaace5bb5c53b8428ffd819906cce61) Importer(815301076,1909f56bfc062723c751e8b465ee728b)
Start importing Assets/Scripts/Lexico.cs using Guid(ffaace5bb5c53b8428ffd819906cce61) Importer(815301076,1909f56bfc062723c751e8b465ee728b)  -> (artifact id: '06236940ee55bfdf211ebaf82040684a') in 0.062012 seconds 
========================================================================
Received Import Request.
  Time since last request: 57.177058 seconds.
  path: Assets/Scripts/Lexico.cs
  artifactKey: Guid(ffaace5bb5c53b8428ffd819906cce61) Importer(815301076,1909f56bfc062723c751e8b465ee728b)
Start importing Assets/Scripts/Lexico.cs using Guid(ffaace5bb5c53b8428ffd819906cce61) Importer(815301076,1909f56bfc062723c751e8b465ee728b)  -> (artifact id: 'f4489b77ebff8ecf1ca418fbf85d1bbb') in 0.007317 seconds 
========================================================================
Received Import Request.
  Time since last request: 56.670970 seconds.
  path: Assets/Scripts/Lexico.cs
  artifactKey: Guid(ffaace5bb5c53b8428ffd819906cce61) Importer(815301076,1909f56bfc062723c751e8b465ee728b)
Start importing Assets/Scripts/Lexico.cs using Guid(ffaace5bb5c53b8428ffd819906cce61) Importer(815301076,1909f56bfc062723c751e8b465ee728b)  -> (artifact id: 'fb992a71e516f3d15b27df6641f11308') in 0.022903 seconds 
========================================================================
Received Import Request.
  Time since last request: 39.526927 seconds.
  path: Assets/Scripts/Lexico.cs
  artifactKey: Guid(ffaace5bb5c53b8428ffd819906cce61) Importer(815301076,1909f56bfc062723c751e8b465ee728b)
Start importing Assets/Scripts/Lexico.cs using Guid(ffaace5bb5c53b8428ffd819906cce61) Importer(815301076,1909f56bfc062723c751e8b465ee728b)  -> (artifact id: '36d432e7fd5052ab8d577aa018b3cf61') in 0.005203 seconds 
========================================================================
Received Import Request.
  Time since last request: 49.981882 seconds.
  path: Assets/Scripts/Lexico.cs
  artifactKey: Guid(ffaace5bb5c53b8428ffd819906cce61) Importer(815301076,1909f56bfc062723c751e8b465ee728b)
Start importing Assets/Scripts/Lexico.cs using Guid(ffaace5bb5c53b8428ffd819906cce61) Importer(815301076,1909f56bfc062723c751e8b465ee728b)  -> (artifact id: '4ff6c4a11aca63a7531409e8632ee79a') in 0.381126 seconds 
========================================================================
Received Import Request.
  Time since last request: 162.828347 seconds.
  path: Assets/Scripts/Lexico.cs
  artifactKey: Guid(ffaace5bb5c53b8428ffd819906cce61) Importer(815301076,1909f56bfc062723c751e8b465ee728b)
Start importing Assets/Scripts/Lexico.cs using Guid(ffaace5bb5c53b8428ffd819906cce61) Importer(815301076,1909f56bfc062723c751e8b465ee728b)  -> (artifact id: '53c715a8acbdc27638ef67abf45aa606') in 0.077484 seconds 
========================================================================
Received Import Request.
  Time since last request: 4.597258 seconds.
  path: Assets/Scripts/Lexico.cs
  artifactKey: Guid(ffaace5bb5c53b8428ffd819906cce61) Importer(815301076,1909f56bfc062723c751e8b465ee728b)
Start importing Assets/Scripts/Lexico.cs using Guid(ffaace5bb5c53b8428ffd819906cce61) Importer(815301076,1909f56bfc062723c751e8b465ee728b)  -> (artifact id: '186602e70d1d3c0ee63f47806bfdc7e5') in 0.011077 seconds 
========================================================================
Received Import Request.
  Time since last request: 5.408830 seconds.
  path: Assets/Scripts/Lexico.cs
  artifactKey: Guid(ffaace5bb5c53b8428ffd819906cce61) Importer(815301076,1909f56bfc062723c751e8b465ee728b)
Start importing Assets/Scripts/Lexico.cs using Guid(ffaace5bb5c53b8428ffd819906cce61) Importer(815301076,1909f56bfc062723c751e8b465ee728b)  -> (artifact id: 'd432c84ac911cb75402d9ebfe2fd8b5c') in 0.676652 seconds 
========================================================================
Received Import Request.
  Time since last request: 16.734167 seconds.
  path: Assets/Scripts/Lexico.cs
  artifactKey: Guid(ffaace5bb5c53b8428ffd819906cce61) Importer(815301076,1909f56bfc062723c751e8b465ee728b)
Start importing Assets/Scripts/Lexico.cs using Guid(ffaace5bb5c53b8428ffd819906cce61) Importer(815301076,1909f56bfc062723c751e8b465ee728b)  -> (artifact id: 'd7111426b0ece1ad21c34729079f5b23') in 0.561152 seconds 
========================================================================
Received Import Request.
  Time since last request: 151.019190 seconds.
  path: Assets/Scripts/Lexico.cs
  artifactKey: Guid(ffaace5bb5c53b8428ffd819906cce61) Importer(815301076,1909f56bfc062723c751e8b465ee728b)
Start importing Assets/Scripts/Lexico.cs using Guid(ffaace5bb5c53b8428ffd819906cce61) Importer(815301076,1909f56bfc062723c751e8b465ee728b)  -> (artifact id: 'fa08322b3bc5f6b55d3924a6ef2e684c') in 0.040109 seconds 
========================================================================
Received Import Request.
  Time since last request: 68.970251 seconds.
  path: Assets/Scripts/Lexico.cs
  artifactKey: Guid(ffaace5bb5c53b8428ffd819906cce61) Importer(815301076,1909f56bfc062723c751e8b465ee728b)
Start importing Assets/Scripts/Lexico.cs using Guid(ffaace5bb5c53b8428ffd819906cce61) Importer(815301076,1909f56bfc062723c751e8b465ee728b)  -> (artifact id: '601654b1168c0b04e2e22dbe545a9c49') in 0.008632 seconds 
========================================================================
Received Import Request.
  Time since last request: 6.917106 seconds.
  path: Assets/Scripts/Lexico.cs
  artifactKey: Guid(ffaace5bb5c53b8428ffd819906cce61) Importer(815301076,1909f56bfc062723c751e8b465ee728b)
Start importing Assets/Scripts/Lexico.cs using Guid(ffaace5bb5c53b8428ffd819906cce61) Importer(815301076,1909f56bfc062723c751e8b465ee728b)  -> (artifact id: 'b25297401d72413ad3e171356d88a4ff') in 0.045637 seconds 
========================================================================
Received Import Request.
  Time since last request: 7.083119 seconds.
  path: Assets/Scripts/Lexico.cs
  artifactKey: Guid(ffaace5bb5c53b8428ffd819906cce61) Importer(815301076,1909f56bfc062723c751e8b465ee728b)
Start importing Assets/Scripts/Lexico.cs using Guid(ffaace5bb5c53b8428ffd819906cce61) Importer(815301076,1909f56bfc062723c751e8b465ee728b)  -> (artifact id: 'bc7977d889b2c3aeff3d57cca68e3193') in 0.046170 seconds 
========================================================================
Received Import Request.
  Time since last request: 17.864552 seconds.
  path: Assets/Scripts/Lexico.cs
  artifactKey: Guid(ffaace5bb5c53b8428ffd819906cce61) Importer(815301076,1909f56bfc062723c751e8b465ee728b)
Start importing Assets/Scripts/Lexico.cs using Guid(ffaace5bb5c53b8428ffd819906cce61) Importer(815301076,1909f56bfc062723c751e8b465ee728b)  -> (artifact id: '58e47320032e1dd6ed4329abff0d162b') in 1.882399 seconds 
========================================================================
Received Import Request.
  Time since last request: 6.766030 seconds.
  path: Assets/Scripts/Lexico.cs
  artifactKey: Guid(ffaace5bb5c53b8428ffd819906cce61) Importer(815301076,1909f56bfc062723c751e8b465ee728b)
Start importing Assets/Scripts/Lexico.cs using Guid(ffaace5bb5c53b8428ffd819906cce61) Importer(815301076,1909f56bfc062723c751e8b465ee728b)  -> (artifact id: 'aa747d75d0536abc553ca620e0fbdf47') in 1.458463 seconds 
========================================================================
Received Import Request.
  Time since last request: 95.294193 seconds.
  path: Assets/Scripts/Lexico.cs
  artifactKey: Guid(ffaace5bb5c53b8428ffd819906cce61) Importer(815301076,1909f56bfc062723c751e8b465ee728b)
Start importing Assets/Scripts/Lexico.cs using Guid(ffaace5bb5c53b8428ffd819906cce61) Importer(815301076,1909f56bfc062723c751e8b465ee728b)  -> (artifact id: '7f22c1e4a7a26bf06498d18fdc275bfb') in 0.040108 seconds 
========================================================================
Received Import Request.
  Time since last request: 70.971250 seconds.
  path: Assets/Scripts/Lexico.cs
  artifactKey: Guid(ffaace5bb5c53b8428ffd819906cce61) Importer(815301076,1909f56bfc062723c751e8b465ee728b)
Start importing Assets/Scripts/Lexico.cs using Guid(ffaace5bb5c53b8428ffd819906cce61) Importer(815301076,1909f56bfc062723c751e8b465ee728b)  -> (artifact id: 'ba71b97dacfe9109fc8c57fd2057600d') in 0.081946 seconds 
========================================================================
Received Import Request.
  Time since last request: 5.061600 seconds.
  path: Assets/Scripts/Lexico.cs
  artifactKey: Guid(ffaace5bb5c53b8428ffd819906cce61) Importer(815301076,1909f56bfc062723c751e8b465ee728b)
Start importing Assets/Scripts/Lexico.cs using Guid(ffaace5bb5c53b8428ffd819906cce61) Importer(815301076,1909f56bfc062723c751e8b465ee728b)  -> (artifact id: 'bfcef6ddf28ac6c7801a3ae936201f0d') in 0.030113 seconds 
========================================================================
Received Import Request.
  Time since last request: 33.650008 seconds.
  path: Assets/Scripts/Lexico.cs
  artifactKey: Guid(ffaace5bb5c53b8428ffd819906cce61) Importer(815301076,1909f56bfc062723c751e8b465ee728b)
Start importing Assets/Scripts/Lexico.cs using Guid(ffaace5bb5c53b8428ffd819906cce61) Importer(815301076,1909f56bfc062723c751e8b465ee728b)  -> (artifact id: '661351f9d3aa3c703e5c69d8027719ec') in 0.039451 seconds 
========================================================================
Received Import Request.
  Time since last request: 60.107040 seconds.
  path: Assets/Scripts/Lexico.cs
  artifactKey: Guid(ffaace5bb5c53b8428ffd819906cce61) Importer(815301076,1909f56bfc062723c751e8b465ee728b)
Start importing Assets/Scripts/Lexico.cs using Guid(ffaace5bb5c53b8428ffd819906cce61) Importer(815301076,1909f56bfc062723c751e8b465ee728b)  -> (artifact id: '7f951bb57a37c1e7d9dc0f289d89a155') in 0.089441 seconds 
========================================================================
Received Import Request.
  Time since last request: 37.020855 seconds.
  path: Assets/Scripts/Lexico.cs
  artifactKey: Guid(ffaace5bb5c53b8428ffd819906cce61) Importer(815301076,1909f56bfc062723c751e8b465ee728b)
Start importing Assets/Scripts/Lexico.cs using Guid(ffaace5bb5c53b8428ffd819906cce61) Importer(815301076,1909f56bfc062723c751e8b465ee728b)  -> (artifact id: 'd60f8bb0168fade93a121756c6bd0e08') in 0.005399 seconds 
========================================================================
Received Import Request.
  Time since last request: 33.497647 seconds.
  path: Assets/Scripts/Lexico.cs
  artifactKey: Guid(ffaace5bb5c53b8428ffd819906cce61) Importer(815301076,1909f56bfc062723c751e8b465ee728b)
Start importing Assets/Scripts/Lexico.cs using Guid(ffaace5bb5c53b8428ffd819906cce61) Importer(815301076,1909f56bfc062723c751e8b465ee728b)  -> (artifact id: 'a5efe044866891de28eb05a77e779700') in 0.004010 seconds 
========================================================================
Received Import Request.
  Time since last request: 15.630189 seconds.
  path: Assets/Scripts/Lexico.cs
  artifactKey: Guid(ffaace5bb5c53b8428ffd819906cce61) Importer(815301076,1909f56bfc062723c751e8b465ee728b)
Start importing Assets/Scripts/Lexico.cs using Guid(ffaace5bb5c53b8428ffd819906cce61) Importer(815301076,1909f56bfc062723c751e8b465ee728b)  -> (artifact id: 'c7f56235a26eb5c992010da476def253') in 0.099575 seconds 
========================================================================
Received Import Request.
  Time since last request: 6.866229 seconds.
  path: Assets/Scripts/Lexico.cs
  artifactKey: Guid(ffaace5bb5c53b8428ffd819906cce61) Importer(815301076,1909f56bfc062723c751e8b465ee728b)
Start importing Assets/Scripts/Lexico.cs using Guid(ffaace5bb5c53b8428ffd819906cce61) Importer(815301076,1909f56bfc062723c751e8b465ee728b)  -> (artifact id: '6fdb85e844dbb4c42263ac73888851b4') in 0.158200 seconds 
========================================================================
Received Import Request.
  Time since last request: 10.486919 seconds.
  path: Assets/Scripts/Lexico.cs
  artifactKey: Guid(ffaace5bb5c53b8428ffd819906cce61) Importer(815301076,1909f56bfc062723c751e8b465ee728b)
Start importing Assets/Scripts/Lexico.cs using Guid(ffaace5bb5c53b8428ffd819906cce61) Importer(815301076,1909f56bfc062723c751e8b465ee728b)  -> (artifact id: '49c82afa4836550635e5ecb224ae2e4b') in 0.022287 seconds 
========================================================================
Received Import Request.
  Time since last request: 34.185632 seconds.
  path: Assets/Scripts/Lexico.cs
  artifactKey: Guid(ffaace5bb5c53b8428ffd819906cce61) Importer(815301076,1909f56bfc062723c751e8b465ee728b)
Start importing Assets/Scripts/Lexico.cs using Guid(ffaace5bb5c53b8428ffd819906cce61) Importer(815301076,1909f56bfc062723c751e8b465ee728b)  -> (artifact id: '346f1c3a699cccb7c2505e5a5f7dbb39') in 0.006231 seconds 
========================================================================
Received Import Request.
  Time since last request: 17.867866 seconds.
  path: Assets/Scripts/Lexico.cs
  artifactKey: Guid(ffaace5bb5c53b8428ffd819906cce61) Importer(815301076,1909f56bfc062723c751e8b465ee728b)
Start importing Assets/Scripts/Lexico.cs using Guid(ffaace5bb5c53b8428ffd819906cce61) Importer(815301076,1909f56bfc062723c751e8b465ee728b)  -> (artifact id: '5187f2cd348647a98e98f200b448bd3a') in 0.007115 seconds 
========================================================================
Received Import Request.
  Time since last request: 9.591154 seconds.
  path: Assets/Scripts/Lexico.cs
  artifactKey: Guid(ffaace5bb5c53b8428ffd819906cce61) Importer(815301076,1909f56bfc062723c751e8b465ee728b)
Start importing Assets/Scripts/Lexico.cs using Guid(ffaace5bb5c53b8428ffd819906cce61) Importer(815301076,1909f56bfc062723c751e8b465ee728b)  -> (artifact id: 'dbf024dd021c5244faa8bbf629f2d272') in 0.088476 seconds 
========================================================================
Received Import Request.
  Time since last request: 13.343575 seconds.
  path: Assets/Scripts/Lexico.cs
  artifactKey: Guid(ffaace5bb5c53b8428ffd819906cce61) Importer(815301076,1909f56bfc062723c751e8b465ee728b)
Start importing Assets/Scripts/Lexico.cs using Guid(ffaace5bb5c53b8428ffd819906cce61) Importer(815301076,1909f56bfc062723c751e8b465ee728b)  -> (artifact id: '34567459005f729057e011f1c60861d1') in 0.035466 seconds 
========================================================================
Received Import Request.
  Time since last request: 111.403878 seconds.
  path: Assets/Scripts/Lexico.cs
  artifactKey: Guid(ffaace5bb5c53b8428ffd819906cce61) Importer(815301076,1909f56bfc062723c751e8b465ee728b)
Start importing Assets/Scripts/Lexico.cs using Guid(ffaace5bb5c53b8428ffd819906cce61) Importer(815301076,1909f56bfc062723c751e8b465ee728b)  -> (artifact id: '7ecea45225e649208f3ccff96f1d1f49') in 0.245880 seconds 
========================================================================
Received Import Request.
  Time since last request: 51.629853 seconds.
  path: Assets/Scripts/Lexico.cs
  artifactKey: Guid(ffaace5bb5c53b8428ffd819906cce61) Importer(815301076,1909f56bfc062723c751e8b465ee728b)
Start importing Assets/Scripts/Lexico.cs using Guid(ffaace5bb5c53b8428ffd819906cce61) Importer(815301076,1909f56bfc062723c751e8b465ee728b)  -> (artifact id: 'd26ae51f3e5468f4666d7462483a09f7') in 0.152452 seconds 
========================================================================
Received Import Request.
  Time since last request: 13.970687 seconds.
  path: Assets/Scripts/Lexico.cs
  artifactKey: Guid(ffaace5bb5c53b8428ffd819906cce61) Importer(815301076,1909f56bfc062723c751e8b465ee728b)
Start importing Assets/Scripts/Lexico.cs using Guid(ffaace5bb5c53b8428ffd819906cce61) Importer(815301076,1909f56bfc062723c751e8b465ee728b)  -> (artifact id: '5938211ae2814960444f28a09e30594e') in 0.034001 seconds 
========================================================================
Received Import Request.
  Time since last request: 57.067786 seconds.
  path: Assets/Scripts/Lexico.cs
  artifactKey: Guid(ffaace5bb5c53b8428ffd819906cce61) Importer(815301076,1909f56bfc062723c751e8b465ee728b)
Start importing Assets/Scripts/Lexico.cs using Guid(ffaace5bb5c53b8428ffd819906cce61) Importer(815301076,1909f56bfc062723c751e8b465ee728b)  -> (artifact id: '5198e7b5cd53f7bbe0698d967debcb83') in 0.056766 seconds 
========================================================================
Received Import Request.
  Time since last request: 126.588340 seconds.
  path: Assets/Scripts/Lexico.cs
  artifactKey: Guid(ffaace5bb5c53b8428ffd819906cce61) Importer(815301076,1909f56bfc062723c751e8b465ee728b)
Start importing Assets/Scripts/Lexico.cs using Guid(ffaace5bb5c53b8428ffd819906cce61) Importer(815301076,1909f56bfc062723c751e8b465ee728b)  -> (artifact id: '7121ed011d950ba979901d37a0b9c250') in 0.004981 seconds 
========================================================================
Received Import Request.
  Time since last request: 17.365322 seconds.
  path: Assets/Scripts/Lexico.cs
  artifactKey: Guid(ffaace5bb5c53b8428ffd819906cce61) Importer(815301076,1909f56bfc062723c751e8b465ee728b)
Start importing Assets/Scripts/Lexico.cs using Guid(ffaace5bb5c53b8428ffd819906cce61) Importer(815301076,1909f56bfc062723c751e8b465ee728b)  -> (artifact id: 'da7bcdb13b7cbb24da688790e92b6e48') in 0.029903 seconds 
========================================================================
Received Import Request.
  Time since last request: 4.394446 seconds.
  path: Assets/Scripts/Lexico.cs
  artifactKey: Guid(ffaace5bb5c53b8428ffd819906cce61) Importer(815301076,1909f56bfc062723c751e8b465ee728b)
Start importing Assets/Scripts/Lexico.cs using Guid(ffaace5bb5c53b8428ffd819906cce61) Importer(815301076,1909f56bfc062723c751e8b465ee728b)  -> (artifact id: '41331288cf1b1cf1e6b971c9c6daabe3') in 0.011548 seconds 
========================================================================
Received Import Request.
  Time since last request: 15.947909 seconds.
  path: Assets/Scripts/Lexico.cs
  artifactKey: Guid(ffaace5bb5c53b8428ffd819906cce61) Importer(815301076,1909f56bfc062723c751e8b465ee728b)
Start importing Assets/Scripts/Lexico.cs using Guid(ffaace5bb5c53b8428ffd819906cce61) Importer(815301076,1909f56bfc062723c751e8b465ee728b)  -> (artifact id: 'da6a0512c812e6b31c6887940e6893f2') in 0.107873 seconds 
========================================================================
Received Import Request.
  Time since last request: 28.029200 seconds.
  path: Assets/Scripts/Lexico.cs
  artifactKey: Guid(ffaace5bb5c53b8428ffd819906cce61) Importer(815301076,1909f56bfc062723c751e8b465ee728b)
Start importing Assets/Scripts/Lexico.cs using Guid(ffaace5bb5c53b8428ffd819906cce61) Importer(815301076,1909f56bfc062723c751e8b465ee728b)  -> (artifact id: '980ba4920718cb3712463742ea8b43e4') in 0.081723 seconds 
========================================================================
Received Import Request.
  Time since last request: 75.314250 seconds.
  path: Assets/Scripts/Lexico.cs
  artifactKey: Guid(ffaace5bb5c53b8428ffd819906cce61) Importer(815301076,1909f56bfc062723c751e8b465ee728b)
Start importing Assets/Scripts/Lexico.cs using Guid(ffaace5bb5c53b8428ffd819906cce61) Importer(815301076,1909f56bfc062723c751e8b465ee728b)  -> (artifact id: '8cfc057889d19e8a4f5473954b8f8042') in 0.169181 seconds 
========================================================================
Received Import Request.
  Time since last request: 47.867345 seconds.
  path: Assets/Scripts/Lexico.cs
  artifactKey: Guid(ffaace5bb5c53b8428ffd819906cce61) Importer(815301076,1909f56bfc062723c751e8b465ee728b)
Start importing Assets/Scripts/Lexico.cs using Guid(ffaace5bb5c53b8428ffd819906cce61) Importer(815301076,1909f56bfc062723c751e8b465ee728b)  -> (artifact id: 'cf0de95126ccff42e145d76c270b4624') in 0.029774 seconds 
========================================================================
Received Import Request.
  Time since last request: 50.367990 seconds.
  path: Assets/Scripts/Lexico.cs
  artifactKey: Guid(ffaace5bb5c53b8428ffd819906cce61) Importer(815301076,1909f56bfc062723c751e8b465ee728b)
Start importing Assets/Scripts/Lexico.cs using Guid(ffaace5bb5c53b8428ffd819906cce61) Importer(815301076,1909f56bfc062723c751e8b465ee728b)  -> (artifact id: '2281b218610b527677298f07d0b04836') in 0.013481 seconds 
========================================================================
Received Import Request.
  Time since last request: 26.830913 seconds.
  path: Assets/Scripts/Lexico.cs
  artifactKey: Guid(ffaace5bb5c53b8428ffd819906cce61) Importer(815301076,1909f56bfc062723c751e8b465ee728b)
Start importing Assets/Scripts/Lexico.cs using Guid(ffaace5bb5c53b8428ffd819906cce61) Importer(815301076,1909f56bfc062723c751e8b465ee728b)  -> (artifact id: '1b6e89e9eb3e85f92c68fa61dd4719e4') in 0.023148 seconds 
========================================================================
Received Import Request.
  Time since last request: 55.799976 seconds.
  path: Assets/Scripts/Lexico.cs
  artifactKey: Guid(ffaace5bb5c53b8428ffd819906cce61) Importer(815301076,1909f56bfc062723c751e8b465ee728b)
Start importing Assets/Scripts/Lexico.cs using Guid(ffaace5bb5c53b8428ffd819906cce61) Importer(815301076,1909f56bfc062723c751e8b465ee728b)  -> (artifact id: '6ae0a56e1fd06818f97342dce445fa6d') in 0.059371 seconds 
========================================================================
Received Import Request.
  Time since last request: 14.993068 seconds.
  path: Assets/Scripts/Lexico.cs
  artifactKey: Guid(ffaace5bb5c53b8428ffd819906cce61) Importer(815301076,1909f56bfc062723c751e8b465ee728b)
Start importing Assets/Scripts/Lexico.cs using Guid(ffaace5bb5c53b8428ffd819906cce61) Importer(815301076,1909f56bfc062723c751e8b465ee728b)  -> (artifact id: '27872bbdffcc11e5347d5ceea4029680') in 0.017283 seconds 
========================================================================
Received Import Request.
  Time since last request: 54.363931 seconds.
  path: Assets/Scripts/Lexico.cs
  artifactKey: Guid(ffaace5bb5c53b8428ffd819906cce61) Importer(815301076,1909f56bfc062723c751e8b465ee728b)
Start importing Assets/Scripts/Lexico.cs using Guid(ffaace5bb5c53b8428ffd819906cce61) Importer(815301076,1909f56bfc062723c751e8b465ee728b)  -> (artifact id: '5d108f46ef95bc486e2c805559305bd3') in 0.073471 seconds 
========================================================================
Received Prepare
Registering precompiled user dll's ...
Registered in 0.027689 seconds.
Begin MonoManager ReloadAssembly
Symbol file LoadedFromMemory doesn't match image E:\2doProjectUH\repositoryGwentPartTwo\Library\PackageCache\com.unity.visualscripting@1.7.8\Editor\VisualScripting.Core\Dependencies\YamlDotNet\Unity.VisualScripting.YamlDotNet.dll
Symbol file LoadedFromMemory doesn't match image E:\2doProjectUH\repositoryGwentPartTwo\Library\PackageCache\com.unity.visualscripting@1.7.8\Editor\VisualScripting.Core\Dependencies\DotNetZip\Unity.VisualScripting.IonicZip.dll
Native extension for WindowsStandalone target not found
Refreshing native plugins compatible for Editor in 13.15 ms, found 4 plugins.
Preloading 0 native plugins for Editor in 0.00 ms.
Mono: successfully reloaded assembly
- Completed reload, in  7.282 seconds
Domain Reload Profiling:
	ReloadAssembly (7296ms)
		BeginReloadAssembly (1839ms)
			ExecutionOrderSort (0ms)
			DisableScriptedObjects (188ms)
			BackupInstance (0ms)
			ReleaseScriptingObjects (0ms)
			CreateAndSetChildDomain (806ms)
		EndReloadAssembly (4940ms)
			LoadAssemblies (553ms)
			RebuildTransferFunctionScriptingTraits (0ms)
			SetupTypeCache (1848ms)
				TypeCache.Initialize (1818ms)
					TypeCache.ScanAssembly (1782ms)
				ResolveRequiredComponents (30ms)
			ReleaseScriptCaches (7ms)
			RebuildScriptCaches (301ms)
			SetupLoadedEditorAssemblies (2004ms)
				LogAssemblyErrors (0ms)
				InitializePlatformSupportModulesInManaged (70ms)
				SetLoadedEditorAssemblies (29ms)
				RefreshPlugins (13ms)
				BeforeProcessingInitializeOnLoad (346ms)
				ProcessInitializeOnLoadAttributes (1326ms)
				ProcessInitializeOnLoadMethodAttributes (204ms)
				AfterProcessingInitializeOnLoad (16ms)
				EditorAssembliesLoaded (1ms)
			ExecutionOrderSort2 (0ms)
			AwakeInstancesAfterBackupRestoration (47ms)
Platform modules already initialized, skipping
Refreshing native plugins compatible for Editor in 12.52 ms, found 4 plugins.
Preloading 0 native plugins for Editor in 0.00 ms.
Unloading 4071 Unused Serialized files (Serialized files now loaded: 0)
Unloading 26 unused Assets / (26.4 KB). Loaded Objects now: 4545.
Memory consumption went from 0.62 GB to 0.62 GB.
Total: 54.798000 ms (FindLiveObjects: 1.570000 ms CreateObjectMapping: 1.146700 ms MarkObjects: 51.815800 ms  DeleteObjects: 0.259000 ms)

AssetImportParameters requested are different than current active one (requested -> active):
  custom:video-decoder-ogg-theora: a1e56fd34408186e4bbccfd4996cb3dc -> 
  custom:container-muxer-webm: aa71ff27fc2769a1b78a27578f13a17b -> 
  custom:container-demuxer-webm: 4f35f7cbe854078d1ac9338744f61a02 -> 
  custom:video-encoder-webm-vp8: eb34c28f22e8b96e1ab97ce403110664 -> 
  custom:audio-encoder-webm-vorbis: bf7c407c2cedff20999df2af8eb42d56 -> 
  custom:framework-win-MediaFoundation: 216162199b28c13a410421893ffa2e32 -> 
  custom:container-demuxer-ogg: 62fdf1f143b41e24485cea50d1cbac27 -> 
  custom:video-decoder-webm-vp8: 9c59270c3fd7afecdb556c50c9e8de78 -> 
  custom:audio-decoder-ogg-vorbis: bf7c407c2cedff20999df2af8eb42d56 -> 
========================================================================
Received Import Request.
  Time since last request: 160.440627 seconds.
  path: Assets/Scripts/errorsLex.cs
  artifactKey: Guid(b809d194e3be6534ea9332872bd24faf) Importer(815301076,1909f56bfc062723c751e8b465ee728b)
Start importing Assets/Scripts/errorsLex.cs using Guid(b809d194e3be6534ea9332872bd24faf) Importer(815301076,1909f56bfc062723c751e8b465ee728b)  -> (artifact id: '52ce81ef4c7f710ef5f986a5128cfa07') in 0.008886 seconds 
========================================================================
Received Prepare
Registering precompiled user dll's ...
Registered in 0.053591 seconds.
Begin MonoManager ReloadAssembly
Symbol file LoadedFromMemory doesn't match image E:\2doProjectUH\repositoryGwentPartTwo\Library\PackageCache\com.unity.visualscripting@1.7.8\Editor\VisualScripting.Core\Dependencies\YamlDotNet\Unity.VisualScripting.YamlDotNet.dll
Symbol file LoadedFromMemory doesn't match image E:\2doProjectUH\repositoryGwentPartTwo\Library\PackageCache\com.unity.visualscripting@1.7.8\Editor\VisualScripting.Core\Dependencies\DotNetZip\Unity.VisualScripting.IonicZip.dll
Native extension for WindowsStandalone target not found
Refreshing native plugins compatible for Editor in 3.30 ms, found 4 plugins.
Preloading 0 native plugins for Editor in 0.00 ms.
Mono: successfully reloaded assembly
- Completed reload, in  4.878 seconds
Domain Reload Profiling:
	ReloadAssembly (4882ms)
		BeginReloadAssembly (563ms)
			ExecutionOrderSort (0ms)
			DisableScriptedObjects (34ms)
			BackupInstance (0ms)
			ReleaseScriptingObjects (1ms)
			CreateAndSetChildDomain (151ms)
		EndReloadAssembly (3853ms)
			LoadAssemblies (436ms)
			RebuildTransferFunctionScriptingTraits (0ms)
			SetupTypeCache (1281ms)
				TypeCache.Initialize (1258ms)
					TypeCache.ScanAssembly (1235ms)
				ResolveRequiredComponents (23ms)
			ReleaseScriptCaches (6ms)
			RebuildScriptCaches (251ms)
			SetupLoadedEditorAssemblies (1609ms)
				LogAssemblyErrors (0ms)
				InitializePlatformSupportModulesInManaged (55ms)
				SetLoadedEditorAssemblies (31ms)
				RefreshPlugins (4ms)
				BeforeProcessingInitializeOnLoad (294ms)
				ProcessInitializeOnLoadAttributes (1035ms)
				ProcessInitializeOnLoadMethodAttributes (171ms)
				AfterProcessingInitializeOnLoad (19ms)
				EditorAssembliesLoaded (1ms)
			ExecutionOrderSort2 (0ms)
			AwakeInstancesAfterBackupRestoration (43ms)
Platform modules already initialized, skipping
Refreshing native plugins compatible for Editor in 21.57 ms, found 4 plugins.
Preloading 0 native plugins for Editor in 0.00 ms.
Unloading 4072 Unused Serialized files (Serialized files now loaded: 0)
Unloading 26 unused Assets / (25.4 KB). Loaded Objects now: 4549.
Memory consumption went from 0.62 GB to 0.62 GB.
Total: 14.204100 ms (FindLiveObjects: 1.345800 ms CreateObjectMapping: 0.956500 ms MarkObjects: 11.713700 ms  DeleteObjects: 0.182700 ms)

AssetImportParameters requested are different than current active one (requested -> active):
  custom:video-decoder-ogg-theora: a1e56fd34408186e4bbccfd4996cb3dc -> 
  custom:container-muxer-webm: aa71ff27fc2769a1b78a27578f13a17b -> 
  custom:container-demuxer-webm: 4f35f7cbe854078d1ac9338744f61a02 -> 
  custom:video-encoder-webm-vp8: eb34c28f22e8b96e1ab97ce403110664 -> 
  custom:audio-encoder-webm-vorbis: bf7c407c2cedff20999df2af8eb42d56 -> 
  custom:framework-win-MediaFoundation: 216162199b28c13a410421893ffa2e32 -> 
  custom:container-demuxer-ogg: 62fdf1f143b41e24485cea50d1cbac27 -> 
  custom:video-decoder-webm-vp8: 9c59270c3fd7afecdb556c50c9e8de78 -> 
  custom:audio-decoder-ogg-vorbis: bf7c407c2cedff20999df2af8eb42d56 -> 
========================================================================
Received Prepare
Registering precompiled user dll's ...
Registered in 0.027246 seconds.
Begin MonoManager ReloadAssembly
Symbol file LoadedFromMemory doesn't match image E:\2doProjectUH\repositoryGwentPartTwo\Library\PackageCache\com.unity.visualscripting@1.7.8\Editor\VisualScripting.Core\Dependencies\YamlDotNet\Unity.VisualScripting.YamlDotNet.dll
Symbol file LoadedFromMemory doesn't match image E:\2doProjectUH\repositoryGwentPartTwo\Library\PackageCache\com.unity.visualscripting@1.7.8\Editor\VisualScripting.Core\Dependencies\DotNetZip\Unity.VisualScripting.IonicZip.dll
Native extension for WindowsStandalone target not found
Refreshing native plugins compatible for Editor in 3.68 ms, found 4 plugins.
Preloading 0 native plugins for Editor in 0.00 ms.
Mono: successfully reloaded assembly
- Completed reload, in  5.520 seconds
Domain Reload Profiling:
	ReloadAssembly (5523ms)
		BeginReloadAssembly (669ms)
			ExecutionOrderSort (0ms)
			DisableScriptedObjects (36ms)
			BackupInstance (0ms)
			ReleaseScriptingObjects (0ms)
			CreateAndSetChildDomain (168ms)
		EndReloadAssembly (4272ms)
			LoadAssemblies (528ms)
			RebuildTransferFunctionScriptingTraits (0ms)
			SetupTypeCache (1348ms)
				TypeCache.Initialize (1323ms)
					TypeCache.ScanAssembly (1299ms)
				ResolveRequiredComponents (25ms)
			ReleaseScriptCaches (7ms)
			RebuildScriptCaches (284ms)
			SetupLoadedEditorAssemblies (1863ms)
				LogAssemblyErrors (0ms)
				InitializePlatformSupportModulesInManaged (51ms)
				SetLoadedEditorAssemblies (38ms)
				RefreshPlugins (4ms)
				BeforeProcessingInitializeOnLoad (350ms)
				ProcessInitializeOnLoadAttributes (1224ms)
				ProcessInitializeOnLoadMethodAttributes (178ms)
				AfterProcessingInitializeOnLoad (17ms)
				EditorAssembliesLoaded (1ms)
			ExecutionOrderSort2 (0ms)
			AwakeInstancesAfterBackupRestoration (50ms)
Platform modules already initialized, skipping
Refreshing native plugins compatible for Editor in 14.58 ms, found 4 plugins.
Preloading 0 native plugins for Editor in 0.00 ms.
Unloading 4072 Unused Serialized files (Serialized files now loaded: 0)
Unloading 27 unused Assets / (32.5 KB). Loaded Objects now: 4551.
Memory consumption went from 0.62 GB to 0.62 GB.
Total: 13.973800 ms (FindLiveObjects: 1.388000 ms CreateObjectMapping: 1.074700 ms MarkObjects: 11.326200 ms  DeleteObjects: 0.180600 ms)

AssetImportParameters requested are different than current active one (requested -> active):
  custom:video-decoder-ogg-theora: a1e56fd34408186e4bbccfd4996cb3dc -> 
  custom:container-muxer-webm: aa71ff27fc2769a1b78a27578f13a17b -> 
  custom:container-demuxer-webm: 4f35f7cbe854078d1ac9338744f61a02 -> 
  custom:video-encoder-webm-vp8: eb34c28f22e8b96e1ab97ce403110664 -> 
  custom:audio-encoder-webm-vorbis: bf7c407c2cedff20999df2af8eb42d56 -> 
  custom:framework-win-MediaFoundation: 216162199b28c13a410421893ffa2e32 -> 
  custom:container-demuxer-ogg: 62fdf1f143b41e24485cea50d1cbac27 -> 
  custom:video-decoder-webm-vp8: 9c59270c3fd7afecdb556c50c9e8de78 -> 
  custom:audio-decoder-ogg-vorbis: bf7c407c2cedff20999df2af8eb42d56 -> 
